<?xml version="1.0" encoding="UTF-8"?>
<testsuite name="AudioFormatTest" tests="1" skipped="0" failures="0" errors="0" timestamp="2021-08-10T17:45:34" hostname="DESKTOP-387RJUG" time="0.026">
  <properties/>
  <testcase name="test()" classname="AudioFormatTest" time="0.026"/>
  <system-out><![CDATA[3.4028235E38
]]></system-out>
  <system-err><![CDATA[]]></system-err>
</testsuite>
